<?xml version="1.0" encoding="UTF-8"?>
<!-- Generated by org.testng.reporters.JUnitReportReporter -->
<testsuite hostname="Lenovo" failures="0" tests="1" name="FuctionalTesting.GetRequestAutomation" time="1.399" errors="0" timestamp="29 Feb 2024 13:05:54 GMT" skipped="0">
  <testcase classname="FuctionalTesting.GetRequestAutomation" name="getRequest" time="1.399"/>
</testsuite> <!-- FuctionalTesting.GetRequestAutomation -->
