<?xml version="1.0" encoding="UTF-8"?>
<!-- Generated by org.testng.reporters.JUnitReportReporter -->
<testsuite hostname="Lenovo" failures="0" tests="1" name="FuctionalTesting.GetClass" time="2.182" errors="0" timestamp="21 Mar 2024 05:40:42 GMT" skipped="0">
  <testcase classname="FuctionalTesting.GetClass" name="delete" time="2.182"/>
</testsuite> <!-- FuctionalTesting.GetClass -->
