<?xml version="1.0" encoding="UTF-8"?>
<!-- Generated by org.testng.reporters.JUnitReportReporter -->
<testsuite hostname="Lenovo" failures="0" tests="1" name="FuctionalTesting.PostRequestAutomation" time="1.441" errors="0" timestamp="29 Feb 2024 13:32:25 GMT" skipped="0">
  <testcase classname="FuctionalTesting.PostRequestAutomation" name="postRequest" time="1.441"/>
</testsuite> <!-- FuctionalTesting.PostRequestAutomation -->
